*** Starting uWSGI 2.0.17.1 (64bit) on [Sat Aug 18 10:30:44 2018] ***
compiled with version: 4.2.1 Compatible Apple LLVM 9.1.0 (clang-902.0.39.2) on 01 August 2018 06:26:43
os: Darwin-17.7.0 Darwin Kernel Version 17.7.0: Thu Jun 21 22:53:14 PDT 2018; root:xnu-4570.71.2~1/RELEASE_X86_64
nodename: bogon
machine: x86_64
clock source: unix
pcre jit disabled
detected number of CPU cores: 8
current working directory: /Users/vergil/Documents/Repositories/infnote/infnote_django
writing pidfile to logs/uwsgi.pid
detected binary path: /Users/vergil/Documents/Repositories/infnote/infnote_django/.venv/bin/uwsgi
chdir() to .
your processes number limit is 1418
your memory page size is 4096 bytes
detected max file descriptor number: 256
lock engine: OSX spinlocks
thunder lock: disabled (you can enable it with --thunder-lock)
uwsgi socket 0 bound to TCP address 127.0.0.1:3031 fd 3
Python version: 3.6.5 (default, Jun 17 2018, 12:13:06)  [GCC 4.2.1 Compatible Apple LLVM 9.1.0 (clang-902.0.39.2)]
Set PythonHome to .venv
Python main interpreter initialized at 0x7fcd25800a00
python threads support enabled
your server socket listen backlog is limited to 100 connections
your mercy for graceful operations on workers is 60 seconds
mapped 498480 bytes (486 KB) for 8 cores
*** Operational MODE: preforking+threaded ***
added .venv/bin/python to pythonpath.
WSGI app 0 (mountpoint='') ready in 1 seconds on interpreter 0x7fcd25800a00 pid: 30936 (default app)
*** uWSGI is running in multiple interpreter mode ***
spawned uWSGI master process (pid: 30936)
spawned uWSGI worker 1 (pid: 31011, cores: 2)
spawned uWSGI worker 2 (pid: 31012, cores: 2)
spawned uWSGI worker 3 (pid: 31013, cores: 2)
spawned uWSGI worker 4 (pid: 31014, cores: 2)
*** Stats server enabled on 127.0.0.1:9191 fd: 15 ***
SIGINT/SIGQUIT received...killing workers...
worker 4 buried after 1 seconds
worker 3 buried after 1 seconds
worker 2 buried after 1 seconds
worker 1 buried after 1 seconds
goodbye to uWSGI.
